<?xml version="1.0" encoding="UTF-8"?>
<testng-results ignored="0" total="1" passed="1" failed="0" skipped="0">
  <reporter-output>
  </reporter-output>
  <suite started-at="2023-08-08T16:39:08 IST" name="Default suite" finished-at="2023-08-08T16:39:11 IST" duration-ms="3466">
    <groups>
    </groups>
    <test started-at="2023-08-08T16:39:08 IST" name="Default test" finished-at="2023-08-08T16:39:11 IST" duration-ms="3466">
      <class name="com.orange.test.LoginTestPage">
        <test-method signature="loginTest()[pri:0, instance:com.orange.test.LoginTestPage@470734c3]" started-at="2023-08-08T16:39:08 IST" name="loginTest" finished-at="2023-08-08T16:39:11 IST" duration-ms="3429" status="PASS">
          <reporter-output>
          </reporter-output>
        </test-method> <!-- loginTest -->
      </class> <!-- com.orange.test.LoginTestPage -->
    </test> <!-- Default test -->
  </suite> <!-- Default suite -->
</testng-results>
